<?xml version="1.0" encoding="UTF-8"?>
<!-- Generated by org.testng.reporters.JUnitXMLReporter -->
<testsuite ignored="5" hostname="DESKTOP-2336HU1" failures="0" tests="1" name="Custom Test" time="7.469" errors="0" timestamp="2023-03-01T19:48:10 TRT">
  <testcase classname="com.exelenter.testcases.LoginTest" name="validAdminLogin" time="1.745"/>
  <testcase classname="com.exelenter.testcases.LoginTest" name="validUserEmptyPassword" time="0.0">
    <ignored/>
  </testcase> <!-- validUserEmptyPassword -->
  <testcase classname="com.exelenter.testcases.LoginTestNegative" name="userLogin" time="0.0">
    <ignored/>
  </testcase> <!-- userLogin -->
  <testcase classname="com.exelenter.testcases.LoginTest" name="validUserInvalidPassword" time="0.0">
    <ignored/>
  </testcase> <!-- validUserInvalidPassword -->
  <testcase classname="com.exelenter.testcases.AddEmployeeFromExcel" name="addEmployeeTest" time="0.0">
    <ignored/>
  </testcase> <!-- addEmployeeTest -->
  <testcase classname="com.exelenter.testcases.AddEmployeeTest" name="addEmployeeTest" time="0.0">
    <ignored/>
  </testcase> <!-- addEmployeeTest -->
</testsuite> <!-- Custom Test -->
