<?xml version="1.0" encoding="UTF-8"?>
<!-- Generated by org.testng.reporters.JUnitXMLReporter -->
<testsuite ignored="1" hostname="DESKTOP-2336HU1" failures="4" tests="15" name="Regression Test" time="145.282" errors="0" timestamp="2023-03-01T11:30:38 TRT">
  <testcase classname="com.exelenter.testcases.AddEmployeeFromExcel" name="addEmployeeTest" time="15.691">
    <failure type="java.lang.RuntimeException" message="Employee is not added. Username or ID already exits.">
      <![CDATA[java.lang.RuntimeException: Employee is not added. Username or ID already exits.
at com.exelenter.testcases.AddEmployeeFromExcel.addEmployeeTest(AddEmployeeFromExcel.java:71)
at java.base/java.util.ArrayList.forEach(ArrayList.java:1511)
at com.intellij.rt.testng.IDEARemoteTestNG.run(IDEARemoteTestNG.java:66)
at com.intellij.rt.testng.RemoteTestNGStarter.main(RemoteTestNGStarter.java:109)
... Removed 22 stack frames]]>
    </failure>
  </testcase> <!-- addEmployeeTest -->
  <testcase classname="com.exelenter.testcases.AddEmployeeFromExcel" name="addEmployeeTest" time="13.807">
    <failure type="java.lang.RuntimeException" message="Employee is not added. Username or ID already exits.">
      <![CDATA[java.lang.RuntimeException: Employee is not added. Username or ID already exits.
at com.exelenter.testcases.AddEmployeeFromExcel.addEmployeeTest(AddEmployeeFromExcel.java:71)
at java.base/java.util.ArrayList.forEach(ArrayList.java:1511)
at com.intellij.rt.testng.IDEARemoteTestNG.run(IDEARemoteTestNG.java:66)
at com.intellij.rt.testng.RemoteTestNGStarter.main(RemoteTestNGStarter.java:109)
... Removed 22 stack frames]]>
    </failure>
  </testcase> <!-- addEmployeeTest -->
  <testcase classname="com.exelenter.testcases.AddEmployeeFromExcel" name="addEmployeeTest" time="14.29">
    <failure type="java.lang.RuntimeException" message="Employee is not added. Username or ID already exits.">
      <![CDATA[java.lang.RuntimeException: Employee is not added. Username or ID already exits.
at com.exelenter.testcases.AddEmployeeFromExcel.addEmployeeTest(AddEmployeeFromExcel.java:71)
at java.base/java.util.ArrayList.forEach(ArrayList.java:1511)
at com.intellij.rt.testng.IDEARemoteTestNG.run(IDEARemoteTestNG.java:66)
at com.intellij.rt.testng.RemoteTestNGStarter.main(RemoteTestNGStarter.java:109)
... Removed 22 stack frames]]>
    </failure>
  </testcase> <!-- addEmployeeTest -->
  <testcase classname="com.exelenter.testcases.AddEmployeeFromExcel" name="addEmployeeTest" time="14.3">
    <failure type="java.lang.RuntimeException" message="Employee is not added. Username or ID already exits.">
      <![CDATA[java.lang.RuntimeException: Employee is not added. Username or ID already exits.
at com.exelenter.testcases.AddEmployeeFromExcel.addEmployeeTest(AddEmployeeFromExcel.java:71)
at java.base/java.util.ArrayList.forEach(ArrayList.java:1511)
at com.intellij.rt.testng.IDEARemoteTestNG.run(IDEARemoteTestNG.java:66)
at com.intellij.rt.testng.RemoteTestNGStarter.main(RemoteTestNGStarter.java:109)
... Removed 22 stack frames]]>
    </failure>
  </testcase> <!-- addEmployeeTest -->
  <testcase classname="com.exelenter.testcases.LoginTest" name="validAdminLogin" time="2.163"/>
  <testcase classname="com.exelenter.testcases.LoginTest" name="validUserEmptyPassword" time="0.236"/>
  <testcase classname="com.exelenter.testcases.LoginTest" name="validUserInvalidPassword" time="1.457"/>
  <testcase classname="com.exelenter.testcases.LoginTestNegative" name="userLogin" time="1.423"/>
  <testcase classname="com.exelenter.testcases.LoginTestNegative" name="userLogin" time="1.259"/>
  <testcase classname="com.exelenter.testcases.LoginTestNegative" name="userLogin" time="1.366"/>
  <testcase classname="com.exelenter.testcases.LoginTestNegative" name="userLogin" time="0.393"/>
  <testcase classname="com.exelenter.testcases.LoginTestNegative" name="userLogin" time="0.356"/>
  <testcase classname="com.exelenter.testcases.LoginTestNegative" name="userLogin" time="0.342"/>
  <testcase classname="com.exelenter.testcases.LoginTestNegative" name="userLogin" time="0.39"/>
  <testcase classname="com.exelenter.testcases.LoginTestNegative" name="userLogin" time="0.468"/>
  <testcase classname="com.exelenter.testcases.AddEmployeeTest" name="addEmployeeTest" time="0.0">
    <ignored/>
  </testcase> <!-- addEmployeeTest -->
</testsuite> <!-- Regression Test -->
