<?xml version="1.0" encoding="UTF-8"?>
<testng-results ignored="3" total="25" passed="14" failed="8" skipped="0">
  <reporter-output>
  </reporter-output>
  <suite started-at="2023-03-01T20:28:29 TRT" name="Smoke Test Suite" finished-at="2023-03-01T20:30:10 TRT" duration-ms="101462">
    <groups>
      <group name="excel">
        <method signature="AddEmployeeFromExcel.addEmployeeTest(java.lang.String,java.lang.String,java.lang.String,java.lang.String)[pri:0, instance:com.exelenter.testcases.AddEmployeeFromExcel@49ec71f8]" name="addEmployeeTest" class="com.exelenter.testcases.AddEmployeeFromExcel"/>
      </group> <!-- excel -->
      <group name="regression">
        <method signature="AddEmployeeFromExcel.addEmployeeTest(java.lang.String,java.lang.String,java.lang.String,java.lang.String)[pri:0, instance:com.exelenter.testcases.AddEmployeeFromExcel@49ec71f8]" name="addEmployeeTest" class="com.exelenter.testcases.AddEmployeeFromExcel"/>
      </group> <!-- regression -->
      <group name="smoke">
        <method signature="LoginTest.validAdminLogin()[pri:0, instance:com.exelenter.testcases.LoginTest@74f0ea28]" name="validAdminLogin" class="com.exelenter.testcases.LoginTest"/>
        <method signature="LoginTest.validUserEmptyPassword()[pri:0, instance:com.exelenter.testcases.LoginTest@74f0ea28]" name="validUserEmptyPassword" class="com.exelenter.testcases.LoginTest"/>
        <method signature="LoginTest.validUserInvalidPassword()[pri:0, instance:com.exelenter.testcases.LoginTest@74f0ea28]" name="validUserInvalidPassword" class="com.exelenter.testcases.LoginTest"/>
        <method signature="AddEmployeeFromExcel.addEmployeeTest(java.lang.String,java.lang.String,java.lang.String,java.lang.String)[pri:0, instance:com.exelenter.testcases.AddEmployeeFromExcel@49ec71f8]" name="addEmployeeTest" class="com.exelenter.testcases.AddEmployeeFromExcel"/>
      </group> <!-- smoke -->
      <group name="singleTest">
        <method signature="LoginTest.validAdminLogin()[pri:0, instance:com.exelenter.testcases.LoginTest@74f0ea28]" name="validAdminLogin" class="com.exelenter.testcases.LoginTest"/>
      </group> <!-- singleTest -->
    </groups>
    <test started-at="2023-03-01T20:28:29 TRT" name="Smoke Test" finished-at="2023-03-01T20:30:10 TRT" duration-ms="101462">
      <class name="com.exelenter.testcases.LoginTest">
        <test-method is-config="true" signature="setUp()[pri:0, instance:com.exelenter.testcases.LoginTest@74f0ea28]" started-at="2023-03-01T20:29:51 TRT" name="setUp" finished-at="2023-03-01T20:29:54 TRT" duration-ms="2864" status="PASS">
          <reporter-output>
          </reporter-output>
        </test-method> <!-- setUp -->
        <test-method signature="validAdminLogin()[pri:0, instance:com.exelenter.testcases.LoginTest@74f0ea28]" started-at="2023-03-01T20:29:54 TRT" name="validAdminLogin" finished-at="2023-03-01T20:29:56 TRT" duration-ms="1746" status="PASS">
          <reporter-output>
          </reporter-output>
        </test-method> <!-- validAdminLogin -->
        <test-method is-config="true" signature="tearDown()[pri:0, instance:com.exelenter.testcases.LoginTest@74f0ea28]" started-at="2023-03-01T20:29:56 TRT" name="tearDown" finished-at="2023-03-01T20:29:58 TRT" duration-ms="2135" status="PASS">
          <reporter-output>
          </reporter-output>
        </test-method> <!-- tearDown -->
        <test-method is-config="true" signature="setUp()[pri:0, instance:com.exelenter.testcases.LoginTest@74f0ea28]" started-at="2023-03-01T20:29:58 TRT" name="setUp" finished-at="2023-03-01T20:30:01 TRT" duration-ms="3456" status="PASS">
          <reporter-output>
          </reporter-output>
        </test-method> <!-- setUp -->
        <test-method signature="validUserEmptyPassword()[pri:0, instance:com.exelenter.testcases.LoginTest@74f0ea28]" started-at="2023-03-01T20:30:01 TRT" name="validUserEmptyPassword" finished-at="2023-03-01T20:30:01 TRT" duration-ms="209" status="PASS">
          <reporter-output>
          </reporter-output>
        </test-method> <!-- validUserEmptyPassword -->
        <test-method is-config="true" signature="tearDown()[pri:0, instance:com.exelenter.testcases.LoginTest@74f0ea28]" started-at="2023-03-01T20:30:01 TRT" name="tearDown" finished-at="2023-03-01T20:30:03 TRT" duration-ms="2126" status="PASS">
          <reporter-output>
          </reporter-output>
        </test-method> <!-- tearDown -->
        <test-method is-config="true" signature="setUp()[pri:0, instance:com.exelenter.testcases.LoginTest@74f0ea28]" started-at="2023-03-01T20:30:03 TRT" name="setUp" finished-at="2023-03-01T20:30:06 TRT" duration-ms="3063" status="PASS">
          <reporter-output>
          </reporter-output>
        </test-method> <!-- setUp -->
        <test-method signature="validUserInvalidPassword()[pri:0, instance:com.exelenter.testcases.LoginTest@74f0ea28]" started-at="2023-03-01T20:30:06 TRT" name="validUserInvalidPassword" finished-at="2023-03-01T20:30:08 TRT" depends-on-methods="com.exelenter.testcases.LoginTest.validUserEmptyPassword" duration-ms="1319" status="PASS">
          <reporter-output>
          </reporter-output>
        </test-method> <!-- validUserInvalidPassword -->
        <test-method is-config="true" signature="tearDown()[pri:0, instance:com.exelenter.testcases.LoginTest@74f0ea28]" started-at="2023-03-01T20:30:08 TRT" name="tearDown" finished-at="2023-03-01T20:30:10 TRT" duration-ms="2165" status="PASS">
          <reporter-output>
          </reporter-output>
        </test-method> <!-- tearDown -->
      </class> <!-- com.exelenter.testcases.LoginTest -->
      <class name="com.exelenter.testcases.AddEmployeeFromExcel">
        <test-method is-config="true" signature="setUp()[pri:0, instance:com.exelenter.testcases.AddEmployeeFromExcel@49ec71f8]" started-at="2023-03-01T20:28:29 TRT" name="setUp" finished-at="2023-03-01T20:28:34 TRT" duration-ms="4969" status="PASS">
          <reporter-output>
          </reporter-output>
        </test-method> <!-- setUp -->
        <test-method signature="addEmployeeTest(java.lang.String,java.lang.String,java.lang.String,java.lang.String)[pri:0, instance:com.exelenter.testcases.AddEmployeeFromExcel@49ec71f8]" started-at="2023-03-01T20:28:34 TRT" name="addEmployeeTest" data-provider="readFromExcel" finished-at="2023-03-01T20:28:49 TRT" duration-ms="15116" status="FAIL">
          <params>
            <param index="0">
              <value>
                <![CDATA[William]]>
              </value>
            </param>
            <param index="1">
              <value>
                <![CDATA[Adams]]>
              </value>
            </param>
            <param index="2">
              <value>
                <![CDATA[willadams0654321]]>
              </value>
            </param>
            <param index="3">
              <value>
                <![CDATA[willAdam_@2023]]>
              </value>
            </param>
          </params>
          <exception class="java.lang.RuntimeException">
            <message>
              <![CDATA[Employee is not added. Username or ID already exits.]]>
            </message>
            <full-stacktrace>
              <![CDATA[java.lang.RuntimeException: Employee is not added. Username or ID already exits.
at com.exelenter.testcases.AddEmployeeFromExcel.addEmployeeTest(AddEmployeeFromExcel.java:71)
at java.base/jdk.internal.reflect.DirectMethodHandleAccessor.invoke(DirectMethodHandleAccessor.java:104)
at java.base/java.lang.reflect.Method.invoke(Method.java:577)
at org.testng.internal.invokers.MethodInvocationHelper.invokeMethod(MethodInvocationHelper.java:139)
at org.testng.internal.invokers.TestInvoker.invokeMethod(TestInvoker.java:677)
at org.testng.internal.invokers.TestInvoker.invokeTestMethod(TestInvoker.java:221)
at org.testng.internal.invokers.MethodRunner.runInSequence(MethodRunner.java:50)
at org.testng.internal.invokers.TestInvoker$MethodInvocationAgent.invoke(TestInvoker.java:969)
at org.testng.internal.invokers.TestInvoker.invokeTestMethods(TestInvoker.java:194)
at org.testng.internal.invokers.TestMethodWorker.invokeTestMethods(TestMethodWorker.java:148)
at org.testng.internal.invokers.TestMethodWorker.run(TestMethodWorker.java:128)
at java.base/java.util.ArrayList.forEach(ArrayList.java:1511)
at org.testng.TestRunner.privateRun(TestRunner.java:829)
at org.testng.TestRunner.run(TestRunner.java:602)
at org.testng.SuiteRunner.runTest(SuiteRunner.java:437)
at org.testng.SuiteRunner.runSequentially(SuiteRunner.java:431)
at org.testng.SuiteRunner.privateRun(SuiteRunner.java:391)
at org.testng.SuiteRunner.run(SuiteRunner.java:330)
at org.testng.SuiteRunnerWorker.runSuite(SuiteRunnerWorker.java:52)
at org.testng.SuiteRunnerWorker.run(SuiteRunnerWorker.java:95)
at org.testng.TestNG.runSuitesSequentially(TestNG.java:1256)
at org.testng.TestNG.runSuitesLocally(TestNG.java:1176)
at org.testng.TestNG.runSuites(TestNG.java:1099)
at org.testng.TestNG.run(TestNG.java:1067)
at org.apache.maven.surefire.testng.TestNGExecutor.run(TestNGExecutor.java:324)
at org.apache.maven.surefire.testng.TestNGXmlTestSuite.execute(TestNGXmlTestSuite.java:74)
at org.apache.maven.surefire.testng.TestNGProvider.invoke(TestNGProvider.java:123)
at org.apache.maven.surefire.booter.ForkedBooter.runSuitesInProcess(ForkedBooter.java:456)
at org.apache.maven.surefire.booter.ForkedBooter.execute(ForkedBooter.java:169)
at org.apache.maven.surefire.booter.ForkedBooter.run(ForkedBooter.java:595)
at org.apache.maven.surefire.booter.ForkedBooter.main(ForkedBooter.java:581)
]]>
            </full-stacktrace>
          </exception> <!-- java.lang.RuntimeException -->
          <reporter-output>
          </reporter-output>
        </test-method> <!-- addEmployeeTest -->
        <test-method is-config="true" signature="tearDown()[pri:0, instance:com.exelenter.testcases.AddEmployeeFromExcel@49ec71f8]" started-at="2023-03-01T20:28:49 TRT" name="tearDown" finished-at="2023-03-01T20:28:52 TRT" duration-ms="2130" status="PASS">
          <reporter-output>
          </reporter-output>
        </test-method> <!-- tearDown -->
        <test-method is-config="true" signature="setUp()[pri:0, instance:com.exelenter.testcases.AddEmployeeFromExcel@49ec71f8]" started-at="2023-03-01T20:28:52 TRT" name="setUp" finished-at="2023-03-01T20:28:56 TRT" duration-ms="4459" status="PASS">
          <reporter-output>
          </reporter-output>
        </test-method> <!-- setUp -->
        <test-method signature="addEmployeeTest(java.lang.String,java.lang.String,java.lang.String,java.lang.String)[pri:0, instance:com.exelenter.testcases.AddEmployeeFromExcel@49ec71f8]" started-at="2023-03-01T20:28:56 TRT" name="addEmployeeTest" data-provider="readFromExcel" finished-at="2023-03-01T20:29:10 TRT" duration-ms="13651" status="FAIL">
          <params>
            <param index="0">
              <value>
                <![CDATA[Elizabeth]]>
              </value>
            </param>
            <param index="1">
              <value>
                <![CDATA[Lee]]>
              </value>
            </param>
            <param index="2">
              <value>
                <![CDATA[elizabethlee0654321]]>
              </value>
            </param>
            <param index="3">
              <value>
                <![CDATA[eliLee_@2023]]>
              </value>
            </param>
          </params>
          <exception class="java.lang.RuntimeException">
            <message>
              <![CDATA[Employee is not added. Username or ID already exits.]]>
            </message>
            <full-stacktrace>
              <![CDATA[java.lang.RuntimeException: Employee is not added. Username or ID already exits.
at com.exelenter.testcases.AddEmployeeFromExcel.addEmployeeTest(AddEmployeeFromExcel.java:71)
at java.base/jdk.internal.reflect.DirectMethodHandleAccessor.invoke(DirectMethodHandleAccessor.java:104)
at java.base/java.lang.reflect.Method.invoke(Method.java:577)
at org.testng.internal.invokers.MethodInvocationHelper.invokeMethod(MethodInvocationHelper.java:139)
at org.testng.internal.invokers.TestInvoker.invokeMethod(TestInvoker.java:677)
at org.testng.internal.invokers.TestInvoker.invokeTestMethod(TestInvoker.java:221)
at org.testng.internal.invokers.MethodRunner.runInSequence(MethodRunner.java:50)
at org.testng.internal.invokers.TestInvoker$MethodInvocationAgent.invoke(TestInvoker.java:969)
at org.testng.internal.invokers.TestInvoker.invokeTestMethods(TestInvoker.java:194)
at org.testng.internal.invokers.TestMethodWorker.invokeTestMethods(TestMethodWorker.java:148)
at org.testng.internal.invokers.TestMethodWorker.run(TestMethodWorker.java:128)
at java.base/java.util.ArrayList.forEach(ArrayList.java:1511)
at org.testng.TestRunner.privateRun(TestRunner.java:829)
at org.testng.TestRunner.run(TestRunner.java:602)
at org.testng.SuiteRunner.runTest(SuiteRunner.java:437)
at org.testng.SuiteRunner.runSequentially(SuiteRunner.java:431)
at org.testng.SuiteRunner.privateRun(SuiteRunner.java:391)
at org.testng.SuiteRunner.run(SuiteRunner.java:330)
at org.testng.SuiteRunnerWorker.runSuite(SuiteRunnerWorker.java:52)
at org.testng.SuiteRunnerWorker.run(SuiteRunnerWorker.java:95)
at org.testng.TestNG.runSuitesSequentially(TestNG.java:1256)
at org.testng.TestNG.runSuitesLocally(TestNG.java:1176)
at org.testng.TestNG.runSuites(TestNG.java:1099)
at org.testng.TestNG.run(TestNG.java:1067)
at org.apache.maven.surefire.testng.TestNGExecutor.run(TestNGExecutor.java:324)
at org.apache.maven.surefire.testng.TestNGXmlTestSuite.execute(TestNGXmlTestSuite.java:74)
at org.apache.maven.surefire.testng.TestNGProvider.invoke(TestNGProvider.java:123)
at org.apache.maven.surefire.booter.ForkedBooter.runSuitesInProcess(ForkedBooter.java:456)
at org.apache.maven.surefire.booter.ForkedBooter.execute(ForkedBooter.java:169)
at org.apache.maven.surefire.booter.ForkedBooter.run(ForkedBooter.java:595)
at org.apache.maven.surefire.booter.ForkedBooter.main(ForkedBooter.java:581)
]]>
            </full-stacktrace>
          </exception> <!-- java.lang.RuntimeException -->
          <reporter-output>
          </reporter-output>
        </test-method> <!-- addEmployeeTest -->
        <test-method is-config="true" signature="tearDown()[pri:0, instance:com.exelenter.testcases.AddEmployeeFromExcel@49ec71f8]" started-at="2023-03-01T20:29:10 TRT" name="tearDown" finished-at="2023-03-01T20:29:12 TRT" duration-ms="2128" status="PASS">
          <reporter-output>
          </reporter-output>
        </test-method> <!-- tearDown -->
        <test-method is-config="true" signature="setUp()[pri:0, instance:com.exelenter.testcases.AddEmployeeFromExcel@49ec71f8]" started-at="2023-03-01T20:29:12 TRT" name="setUp" finished-at="2023-03-01T20:29:15 TRT" duration-ms="3178" status="PASS">
          <reporter-output>
          </reporter-output>
        </test-method> <!-- setUp -->
        <test-method signature="addEmployeeTest(java.lang.String,java.lang.String,java.lang.String,java.lang.String)[pri:0, instance:com.exelenter.testcases.AddEmployeeFromExcel@49ec71f8]" started-at="2023-03-01T20:29:15 TRT" name="addEmployeeTest" data-provider="readFromExcel" finished-at="2023-03-01T20:29:28 TRT" duration-ms="13203" status="FAIL">
          <params>
            <param index="0">
              <value>
                <![CDATA[Tyler]]>
              </value>
            </param>
            <param index="1">
              <value>
                <![CDATA[Nguyen]]>
              </value>
            </param>
            <param index="2">
              <value>
                <![CDATA[tylernguyen0654321]]>
              </value>
            </param>
            <param index="3">
              <value>
                <![CDATA[tylerNguyen_@2023]]>
              </value>
            </param>
          </params>
          <exception class="java.lang.RuntimeException">
            <message>
              <![CDATA[Employee is not added. Username or ID already exits.]]>
            </message>
            <full-stacktrace>
              <![CDATA[java.lang.RuntimeException: Employee is not added. Username or ID already exits.
at com.exelenter.testcases.AddEmployeeFromExcel.addEmployeeTest(AddEmployeeFromExcel.java:71)
at java.base/jdk.internal.reflect.DirectMethodHandleAccessor.invoke(DirectMethodHandleAccessor.java:104)
at java.base/java.lang.reflect.Method.invoke(Method.java:577)
at org.testng.internal.invokers.MethodInvocationHelper.invokeMethod(MethodInvocationHelper.java:139)
at org.testng.internal.invokers.TestInvoker.invokeMethod(TestInvoker.java:677)
at org.testng.internal.invokers.TestInvoker.invokeTestMethod(TestInvoker.java:221)
at org.testng.internal.invokers.MethodRunner.runInSequence(MethodRunner.java:50)
at org.testng.internal.invokers.TestInvoker$MethodInvocationAgent.invoke(TestInvoker.java:969)
at org.testng.internal.invokers.TestInvoker.invokeTestMethods(TestInvoker.java:194)
at org.testng.internal.invokers.TestMethodWorker.invokeTestMethods(TestMethodWorker.java:148)
at org.testng.internal.invokers.TestMethodWorker.run(TestMethodWorker.java:128)
at java.base/java.util.ArrayList.forEach(ArrayList.java:1511)
at org.testng.TestRunner.privateRun(TestRunner.java:829)
at org.testng.TestRunner.run(TestRunner.java:602)
at org.testng.SuiteRunner.runTest(SuiteRunner.java:437)
at org.testng.SuiteRunner.runSequentially(SuiteRunner.java:431)
at org.testng.SuiteRunner.privateRun(SuiteRunner.java:391)
at org.testng.SuiteRunner.run(SuiteRunner.java:330)
at org.testng.SuiteRunnerWorker.runSuite(SuiteRunnerWorker.java:52)
at org.testng.SuiteRunnerWorker.run(SuiteRunnerWorker.java:95)
at org.testng.TestNG.runSuitesSequentially(TestNG.java:1256)
at org.testng.TestNG.runSuitesLocally(TestNG.java:1176)
at org.testng.TestNG.runSuites(TestNG.java:1099)
at org.testng.TestNG.run(TestNG.java:1067)
at org.apache.maven.surefire.testng.TestNGExecutor.run(TestNGExecutor.java:324)
at org.apache.maven.surefire.testng.TestNGXmlTestSuite.execute(TestNGXmlTestSuite.java:74)
at org.apache.maven.surefire.testng.TestNGProvider.invoke(TestNGProvider.java:123)
at org.apache.maven.surefire.booter.ForkedBooter.runSuitesInProcess(ForkedBooter.java:456)
at org.apache.maven.surefire.booter.ForkedBooter.execute(ForkedBooter.java:169)
at org.apache.maven.surefire.booter.ForkedBooter.run(ForkedBooter.java:595)
at org.apache.maven.surefire.booter.ForkedBooter.main(ForkedBooter.java:581)
]]>
            </full-stacktrace>
          </exception> <!-- java.lang.RuntimeException -->
          <reporter-output>
          </reporter-output>
        </test-method> <!-- addEmployeeTest -->
        <test-method is-config="true" signature="tearDown()[pri:0, instance:com.exelenter.testcases.AddEmployeeFromExcel@49ec71f8]" started-at="2023-03-01T20:29:28 TRT" name="tearDown" finished-at="2023-03-01T20:29:31 TRT" duration-ms="2146" status="PASS">
          <reporter-output>
          </reporter-output>
        </test-method> <!-- tearDown -->
        <test-method is-config="true" signature="setUp()[pri:0, instance:com.exelenter.testcases.AddEmployeeFromExcel@49ec71f8]" started-at="2023-03-01T20:29:31 TRT" name="setUp" finished-at="2023-03-01T20:29:35 TRT" duration-ms="3936" status="PASS">
          <reporter-output>
          </reporter-output>
        </test-method> <!-- setUp -->
        <test-method signature="addEmployeeTest(java.lang.String,java.lang.String,java.lang.String,java.lang.String)[pri:0, instance:com.exelenter.testcases.AddEmployeeFromExcel@49ec71f8]" started-at="2023-03-01T20:29:35 TRT" name="addEmployeeTest" data-provider="readFromExcel" finished-at="2023-03-01T20:29:49 TRT" duration-ms="14019" status="FAIL">
          <params>
            <param index="0">
              <value>
                <![CDATA[John]]>
              </value>
            </param>
            <param index="1">
              <value>
                <![CDATA[Smith]]>
              </value>
            </param>
            <param index="2">
              <value>
                <![CDATA[johnSmith0654321]]>
              </value>
            </param>
            <param index="3">
              <value>
                <![CDATA[johnSmith_@2023!!!]]>
              </value>
            </param>
          </params>
          <exception class="java.lang.RuntimeException">
            <message>
              <![CDATA[Employee is not added. Username or ID already exits.]]>
            </message>
            <full-stacktrace>
              <![CDATA[java.lang.RuntimeException: Employee is not added. Username or ID already exits.
at com.exelenter.testcases.AddEmployeeFromExcel.addEmployeeTest(AddEmployeeFromExcel.java:71)
at java.base/jdk.internal.reflect.DirectMethodHandleAccessor.invoke(DirectMethodHandleAccessor.java:104)
at java.base/java.lang.reflect.Method.invoke(Method.java:577)
at org.testng.internal.invokers.MethodInvocationHelper.invokeMethod(MethodInvocationHelper.java:139)
at org.testng.internal.invokers.TestInvoker.invokeMethod(TestInvoker.java:677)
at org.testng.internal.invokers.TestInvoker.invokeTestMethod(TestInvoker.java:221)
at org.testng.internal.invokers.MethodRunner.runInSequence(MethodRunner.java:50)
at org.testng.internal.invokers.TestInvoker$MethodInvocationAgent.invoke(TestInvoker.java:969)
at org.testng.internal.invokers.TestInvoker.invokeTestMethods(TestInvoker.java:194)
at org.testng.internal.invokers.TestMethodWorker.invokeTestMethods(TestMethodWorker.java:148)
at org.testng.internal.invokers.TestMethodWorker.run(TestMethodWorker.java:128)
at java.base/java.util.ArrayList.forEach(ArrayList.java:1511)
at org.testng.TestRunner.privateRun(TestRunner.java:829)
at org.testng.TestRunner.run(TestRunner.java:602)
at org.testng.SuiteRunner.runTest(SuiteRunner.java:437)
at org.testng.SuiteRunner.runSequentially(SuiteRunner.java:431)
at org.testng.SuiteRunner.privateRun(SuiteRunner.java:391)
at org.testng.SuiteRunner.run(SuiteRunner.java:330)
at org.testng.SuiteRunnerWorker.runSuite(SuiteRunnerWorker.java:52)
at org.testng.SuiteRunnerWorker.run(SuiteRunnerWorker.java:95)
at org.testng.TestNG.runSuitesSequentially(TestNG.java:1256)
at org.testng.TestNG.runSuitesLocally(TestNG.java:1176)
at org.testng.TestNG.runSuites(TestNG.java:1099)
at org.testng.TestNG.run(TestNG.java:1067)
at org.apache.maven.surefire.testng.TestNGExecutor.run(TestNGExecutor.java:324)
at org.apache.maven.surefire.testng.TestNGXmlTestSuite.execute(TestNGXmlTestSuite.java:74)
at org.apache.maven.surefire.testng.TestNGProvider.invoke(TestNGProvider.java:123)
at org.apache.maven.surefire.booter.ForkedBooter.runSuitesInProcess(ForkedBooter.java:456)
at org.apache.maven.surefire.booter.ForkedBooter.execute(ForkedBooter.java:169)
at org.apache.maven.surefire.booter.ForkedBooter.run(ForkedBooter.java:595)
at org.apache.maven.surefire.booter.ForkedBooter.main(ForkedBooter.java:581)
]]>
            </full-stacktrace>
          </exception> <!-- java.lang.RuntimeException -->
          <reporter-output>
          </reporter-output>
        </test-method> <!-- addEmployeeTest -->
        <test-method is-config="true" signature="tearDown()[pri:0, instance:com.exelenter.testcases.AddEmployeeFromExcel@49ec71f8]" started-at="2023-03-01T20:29:49 TRT" name="tearDown" finished-at="2023-03-01T20:29:51 TRT" duration-ms="2130" status="PASS">
          <reporter-output>
          </reporter-output>
        </test-method> <!-- tearDown -->
      </class> <!-- com.exelenter.testcases.AddEmployeeFromExcel -->
    </test> <!-- Smoke Test -->
  </suite> <!-- Smoke Test Suite -->
  <suite started-at="2023-03-01T20:30:10 TRT" name="Regression Test Suite" finished-at="2023-03-01T20:32:42 TRT" duration-ms="151593">
    <groups>
      <group name="excel">
        <method signature="AddEmployeeFromExcel.addEmployeeTest(java.lang.String,java.lang.String,java.lang.String,java.lang.String)[pri:0, instance:com.exelenter.testcases.AddEmployeeFromExcel@776aec5c]" name="addEmployeeTest" class="com.exelenter.testcases.AddEmployeeFromExcel"/>
      </group> <!-- excel -->
      <group name="regression">
        <method signature="AddEmployeeFromExcel.addEmployeeTest(java.lang.String,java.lang.String,java.lang.String,java.lang.String)[pri:0, instance:com.exelenter.testcases.AddEmployeeFromExcel@776aec5c]" name="addEmployeeTest" class="com.exelenter.testcases.AddEmployeeFromExcel"/>
      </group> <!-- regression -->
      <group name="smoke">
        <method signature="LoginTest.validAdminLogin()[pri:0, instance:com.exelenter.testcases.LoginTest@7c7a06ec]" name="validAdminLogin" class="com.exelenter.testcases.LoginTest"/>
        <method signature="LoginTest.validUserEmptyPassword()[pri:0, instance:com.exelenter.testcases.LoginTest@7c7a06ec]" name="validUserEmptyPassword" class="com.exelenter.testcases.LoginTest"/>
        <method signature="LoginTest.validUserInvalidPassword()[pri:0, instance:com.exelenter.testcases.LoginTest@7c7a06ec]" name="validUserInvalidPassword" class="com.exelenter.testcases.LoginTest"/>
        <method signature="AddEmployeeFromExcel.addEmployeeTest(java.lang.String,java.lang.String,java.lang.String,java.lang.String)[pri:0, instance:com.exelenter.testcases.AddEmployeeFromExcel@776aec5c]" name="addEmployeeTest" class="com.exelenter.testcases.AddEmployeeFromExcel"/>
      </group> <!-- smoke -->
      <group name="singleTest">
        <method signature="LoginTest.validAdminLogin()[pri:0, instance:com.exelenter.testcases.LoginTest@7c7a06ec]" name="validAdminLogin" class="com.exelenter.testcases.LoginTest"/>
      </group> <!-- singleTest -->
    </groups>
    <test started-at="2023-03-01T20:30:10 TRT" name="Regression Test" finished-at="2023-03-01T20:32:42 TRT" duration-ms="151593">
      <class name="com.exelenter.testcases.LoginTestNegative">
        <test-method is-config="true" signature="setUp()[pri:0, instance:com.exelenter.testcases.LoginTestNegative@75d4a5c2]" started-at="2023-03-01T20:31:53 TRT" name="setUp" finished-at="2023-03-01T20:31:56 TRT" duration-ms="3124" status="PASS">
          <reporter-output>
          </reporter-output>
        </test-method> <!-- setUp -->
        <test-method signature="userLogin(java.lang.String,java.lang.String,java.lang.String)[pri:0, instance:com.exelenter.testcases.LoginTestNegative@75d4a5c2]" started-at="2023-03-01T20:31:56 TRT" name="userLogin" data-provider="negativeLoginExcel" finished-at="2023-03-01T20:31:57 TRT" duration-ms="1091" status="PASS">
          <params>
            <param index="0">
              <value>
                <![CDATA[Admin]]>
              </value>
            </param>
            <param index="1">
              <value>
                <![CDATA[invalidPass]]>
              </value>
            </param>
            <param index="2">
              <value>
                <![CDATA[Invalid credentials]]>
              </value>
            </param>
          </params>
          <reporter-output>
          </reporter-output>
        </test-method> <!-- userLogin -->
        <test-method is-config="true" signature="tearDown()[pri:0, instance:com.exelenter.testcases.LoginTestNegative@75d4a5c2]" started-at="2023-03-01T20:31:57 TRT" name="tearDown" finished-at="2023-03-01T20:32:00 TRT" duration-ms="2126" status="PASS">
          <reporter-output>
          </reporter-output>
        </test-method> <!-- tearDown -->
        <test-method is-config="true" signature="setUp()[pri:0, instance:com.exelenter.testcases.LoginTestNegative@75d4a5c2]" started-at="2023-03-01T20:32:00 TRT" name="setUp" finished-at="2023-03-01T20:32:02 TRT" duration-ms="2662" status="PASS">
          <reporter-output>
          </reporter-output>
        </test-method> <!-- setUp -->
        <test-method signature="userLogin(java.lang.String,java.lang.String,java.lang.String)[pri:0, instance:com.exelenter.testcases.LoginTestNegative@75d4a5c2]" started-at="2023-03-01T20:32:02 TRT" name="userLogin" data-provider="negativeLoginExcel" finished-at="2023-03-01T20:32:03 TRT" duration-ms="1081" status="PASS">
          <params>
            <param index="0">
              <value>
                <![CDATA[admi123]]>
              </value>
            </param>
            <param index="1">
              <value>
                <![CDATA[Exelent2022Sdet!]]>
              </value>
            </param>
            <param index="2">
              <value>
                <![CDATA[Invalid credentials]]>
              </value>
            </param>
          </params>
          <reporter-output>
          </reporter-output>
        </test-method> <!-- userLogin -->
        <test-method is-config="true" signature="tearDown()[pri:0, instance:com.exelenter.testcases.LoginTestNegative@75d4a5c2]" started-at="2023-03-01T20:32:03 TRT" name="tearDown" finished-at="2023-03-01T20:32:05 TRT" duration-ms="2133" status="PASS">
          <reporter-output>
          </reporter-output>
        </test-method> <!-- tearDown -->
        <test-method is-config="true" signature="setUp()[pri:0, instance:com.exelenter.testcases.LoginTestNegative@75d4a5c2]" started-at="2023-03-01T20:32:05 TRT" name="setUp" finished-at="2023-03-01T20:32:09 TRT" duration-ms="3773" status="PASS">
          <reporter-output>
          </reporter-output>
        </test-method> <!-- setUp -->
        <test-method signature="userLogin(java.lang.String,java.lang.String,java.lang.String)[pri:0, instance:com.exelenter.testcases.LoginTestNegative@75d4a5c2]" started-at="2023-03-01T20:32:09 TRT" name="userLogin" data-provider="negativeLoginExcel" finished-at="2023-03-01T20:32:10 TRT" duration-ms="872" status="PASS">
          <params>
            <param index="0">
              <value>
                <![CDATA[admi123]]>
              </value>
            </param>
            <param index="1">
              <value>
                <![CDATA[invalidPass]]>
              </value>
            </param>
            <param index="2">
              <value>
                <![CDATA[Invalid credentials]]>
              </value>
            </param>
          </params>
          <reporter-output>
          </reporter-output>
        </test-method> <!-- userLogin -->
        <test-method is-config="true" signature="tearDown()[pri:0, instance:com.exelenter.testcases.LoginTestNegative@75d4a5c2]" started-at="2023-03-01T20:32:10 TRT" name="tearDown" finished-at="2023-03-01T20:32:12 TRT" duration-ms="2130" status="PASS">
          <reporter-output>
          </reporter-output>
        </test-method> <!-- tearDown -->
        <test-method is-config="true" signature="setUp()[pri:0, instance:com.exelenter.testcases.LoginTestNegative@75d4a5c2]" started-at="2023-03-01T20:32:12 TRT" name="setUp" finished-at="2023-03-01T20:32:16 TRT" duration-ms="3907" status="PASS">
          <reporter-output>
          </reporter-output>
        </test-method> <!-- setUp -->
        <test-method signature="userLogin(java.lang.String,java.lang.String,java.lang.String)[pri:0, instance:com.exelenter.testcases.LoginTestNegative@75d4a5c2]" started-at="2023-03-01T20:32:16 TRT" name="userLogin" data-provider="negativeLoginExcel" finished-at="2023-03-01T20:32:16 TRT" duration-ms="340" status="PASS">
          <params>
            <param index="0">
              <value>
                <![CDATA[Admin]]>
              </value>
            </param>
            <param index="1">
              <value>
                <![CDATA[]]>
              </value>
            </param>
            <param index="2">
              <value>
                <![CDATA[Password cannot be empty]]>
              </value>
            </param>
          </params>
          <reporter-output>
          </reporter-output>
        </test-method> <!-- userLogin -->
        <test-method is-config="true" signature="tearDown()[pri:0, instance:com.exelenter.testcases.LoginTestNegative@75d4a5c2]" started-at="2023-03-01T20:32:16 TRT" name="tearDown" finished-at="2023-03-01T20:32:19 TRT" duration-ms="2123" status="PASS">
          <reporter-output>
          </reporter-output>
        </test-method> <!-- tearDown -->
        <test-method is-config="true" signature="setUp()[pri:0, instance:com.exelenter.testcases.LoginTestNegative@75d4a5c2]" started-at="2023-03-01T20:32:19 TRT" name="setUp" finished-at="2023-03-01T20:32:23 TRT" duration-ms="4196" status="PASS">
          <reporter-output>
          </reporter-output>
        </test-method> <!-- setUp -->
        <test-method signature="userLogin(java.lang.String,java.lang.String,java.lang.String)[pri:0, instance:com.exelenter.testcases.LoginTestNegative@75d4a5c2]" started-at="2023-03-01T20:32:23 TRT" name="userLogin" data-provider="negativeLoginExcel" finished-at="2023-03-01T20:32:23 TRT" duration-ms="335" status="PASS">
          <params>
            <param index="0">
              <value>
                <![CDATA[admi123]]>
              </value>
            </param>
            <param index="1">
              <value>
                <![CDATA[]]>
              </value>
            </param>
            <param index="2">
              <value>
                <![CDATA[Password cannot be empty]]>
              </value>
            </param>
          </params>
          <reporter-output>
          </reporter-output>
        </test-method> <!-- userLogin -->
        <test-method is-config="true" signature="tearDown()[pri:0, instance:com.exelenter.testcases.LoginTestNegative@75d4a5c2]" started-at="2023-03-01T20:32:23 TRT" name="tearDown" finished-at="2023-03-01T20:32:25 TRT" duration-ms="2161" status="PASS">
          <reporter-output>
          </reporter-output>
        </test-method> <!-- tearDown -->
        <test-method is-config="true" signature="setUp()[pri:0, instance:com.exelenter.testcases.LoginTestNegative@75d4a5c2]" started-at="2023-03-01T20:32:25 TRT" name="setUp" finished-at="2023-03-01T20:32:28 TRT" duration-ms="2732" status="PASS">
          <reporter-output>
          </reporter-output>
        </test-method> <!-- setUp -->
        <test-method signature="userLogin(java.lang.String,java.lang.String,java.lang.String)[pri:0, instance:com.exelenter.testcases.LoginTestNegative@75d4a5c2]" started-at="2023-03-01T20:32:28 TRT" name="userLogin" data-provider="negativeLoginExcel" finished-at="2023-03-01T20:32:28 TRT" duration-ms="346" status="PASS">
          <params>
            <param index="0">
              <value>
                <![CDATA[]]>
              </value>
            </param>
            <param index="1">
              <value>
                <![CDATA[Exelent2022Sdet!]]>
              </value>
            </param>
            <param index="2">
              <value>
                <![CDATA[Username cannot be empty]]>
              </value>
            </param>
          </params>
          <reporter-output>
          </reporter-output>
        </test-method> <!-- userLogin -->
        <test-method is-config="true" signature="tearDown()[pri:0, instance:com.exelenter.testcases.LoginTestNegative@75d4a5c2]" started-at="2023-03-01T20:32:28 TRT" name="tearDown" finished-at="2023-03-01T20:32:30 TRT" duration-ms="2126" status="PASS">
          <reporter-output>
          </reporter-output>
        </test-method> <!-- tearDown -->
        <test-method is-config="true" signature="setUp()[pri:0, instance:com.exelenter.testcases.LoginTestNegative@75d4a5c2]" started-at="2023-03-01T20:32:30 TRT" name="setUp" finished-at="2023-03-01T20:32:34 TRT" duration-ms="3488" status="PASS">
          <reporter-output>
          </reporter-output>
        </test-method> <!-- setUp -->
        <test-method signature="userLogin(java.lang.String,java.lang.String,java.lang.String)[pri:0, instance:com.exelenter.testcases.LoginTestNegative@75d4a5c2]" started-at="2023-03-01T20:32:34 TRT" name="userLogin" data-provider="negativeLoginExcel" finished-at="2023-03-01T20:32:34 TRT" duration-ms="352" status="PASS">
          <params>
            <param index="0">
              <value>
                <![CDATA[]]>
              </value>
            </param>
            <param index="1">
              <value>
                <![CDATA[invalidPass]]>
              </value>
            </param>
            <param index="2">
              <value>
                <![CDATA[Username cannot be empty]]>
              </value>
            </param>
          </params>
          <reporter-output>
          </reporter-output>
        </test-method> <!-- userLogin -->
        <test-method is-config="true" signature="tearDown()[pri:0, instance:com.exelenter.testcases.LoginTestNegative@75d4a5c2]" started-at="2023-03-01T20:32:34 TRT" name="tearDown" finished-at="2023-03-01T20:32:36 TRT" duration-ms="2154" status="PASS">
          <reporter-output>
          </reporter-output>
        </test-method> <!-- tearDown -->
        <test-method is-config="true" signature="setUp()[pri:0, instance:com.exelenter.testcases.LoginTestNegative@75d4a5c2]" started-at="2023-03-01T20:32:36 TRT" name="setUp" finished-at="2023-03-01T20:32:39 TRT" duration-ms="2925" status="PASS">
          <reporter-output>
          </reporter-output>
        </test-method> <!-- setUp -->
        <test-method signature="userLogin(java.lang.String,java.lang.String,java.lang.String)[pri:0, instance:com.exelenter.testcases.LoginTestNegative@75d4a5c2]" started-at="2023-03-01T20:32:39 TRT" name="userLogin" data-provider="negativeLoginExcel" finished-at="2023-03-01T20:32:40 TRT" duration-ms="346" status="PASS">
          <params>
            <param index="0">
              <value>
                <![CDATA[]]>
              </value>
            </param>
            <param index="1">
              <value>
                <![CDATA[]]>
              </value>
            </param>
            <param index="2">
              <value>
                <![CDATA[Username cannot be empty]]>
              </value>
            </param>
          </params>
          <reporter-output>
          </reporter-output>
        </test-method> <!-- userLogin -->
        <test-method is-config="true" signature="tearDown()[pri:0, instance:com.exelenter.testcases.LoginTestNegative@75d4a5c2]" started-at="2023-03-01T20:32:40 TRT" name="tearDown" finished-at="2023-03-01T20:32:42 TRT" duration-ms="2111" status="PASS">
          <reporter-output>
          </reporter-output>
        </test-method> <!-- tearDown -->
      </class> <!-- com.exelenter.testcases.LoginTestNegative -->
      <class name="com.exelenter.testcases.LoginTest">
        <test-method is-config="true" signature="setUp()[pri:0, instance:com.exelenter.testcases.LoginTest@7c7a06ec]" started-at="2023-03-01T20:31:29 TRT" name="setUp" finished-at="2023-03-01T20:31:33 TRT" duration-ms="4459" status="PASS">
          <reporter-output>
          </reporter-output>
        </test-method> <!-- setUp -->
        <test-method signature="validAdminLogin()[pri:0, instance:com.exelenter.testcases.LoginTest@7c7a06ec]" started-at="2023-03-01T20:31:33 TRT" name="validAdminLogin" finished-at="2023-03-01T20:31:36 TRT" duration-ms="3073" status="PASS">
          <reporter-output>
          </reporter-output>
        </test-method> <!-- validAdminLogin -->
        <test-method is-config="true" signature="tearDown()[pri:0, instance:com.exelenter.testcases.LoginTest@7c7a06ec]" started-at="2023-03-01T20:31:36 TRT" name="tearDown" finished-at="2023-03-01T20:31:39 TRT" duration-ms="2276" status="PASS">
          <reporter-output>
          </reporter-output>
        </test-method> <!-- tearDown -->
        <test-method is-config="true" signature="setUp()[pri:0, instance:com.exelenter.testcases.LoginTest@7c7a06ec]" started-at="2023-03-01T20:31:39 TRT" name="setUp" finished-at="2023-03-01T20:31:42 TRT" duration-ms="3359" status="PASS">
          <reporter-output>
          </reporter-output>
        </test-method> <!-- setUp -->
        <test-method signature="validUserEmptyPassword()[pri:0, instance:com.exelenter.testcases.LoginTest@7c7a06ec]" started-at="2023-03-01T20:31:42 TRT" name="validUserEmptyPassword" finished-at="2023-03-01T20:31:42 TRT" duration-ms="204" status="PASS">
          <reporter-output>
          </reporter-output>
        </test-method> <!-- validUserEmptyPassword -->
        <test-method is-config="true" signature="tearDown()[pri:0, instance:com.exelenter.testcases.LoginTest@7c7a06ec]" started-at="2023-03-01T20:31:42 TRT" name="tearDown" finished-at="2023-03-01T20:31:44 TRT" duration-ms="2163" status="PASS">
          <reporter-output>
          </reporter-output>
        </test-method> <!-- tearDown -->
        <test-method is-config="true" signature="setUp()[pri:0, instance:com.exelenter.testcases.LoginTest@7c7a06ec]" started-at="2023-03-01T20:31:44 TRT" name="setUp" finished-at="2023-03-01T20:31:50 TRT" duration-ms="5134" status="PASS">
          <reporter-output>
          </reporter-output>
        </test-method> <!-- setUp -->
        <test-method signature="validUserInvalidPassword()[pri:0, instance:com.exelenter.testcases.LoginTest@7c7a06ec]" started-at="2023-03-01T20:31:50 TRT" name="validUserInvalidPassword" finished-at="2023-03-01T20:31:51 TRT" depends-on-methods="com.exelenter.testcases.LoginTest.validUserEmptyPassword" duration-ms="1467" status="PASS">
          <reporter-output>
          </reporter-output>
        </test-method> <!-- validUserInvalidPassword -->
        <test-method is-config="true" signature="tearDown()[pri:0, instance:com.exelenter.testcases.LoginTest@7c7a06ec]" started-at="2023-03-01T20:31:51 TRT" name="tearDown" finished-at="2023-03-01T20:31:53 TRT" duration-ms="2131" status="PASS">
          <reporter-output>
          </reporter-output>
        </test-method> <!-- tearDown -->
      </class> <!-- com.exelenter.testcases.LoginTest -->
      <class name="com.exelenter.testcases.AddEmployeeFromExcel">
        <test-method is-config="true" signature="setUp()[pri:0, instance:com.exelenter.testcases.AddEmployeeFromExcel@776aec5c]" started-at="2023-03-01T20:30:10 TRT" name="setUp" finished-at="2023-03-01T20:30:14 TRT" duration-ms="3384" status="PASS">
          <reporter-output>
          </reporter-output>
        </test-method> <!-- setUp -->
        <test-method signature="addEmployeeTest(java.lang.String,java.lang.String,java.lang.String,java.lang.String)[pri:0, instance:com.exelenter.testcases.AddEmployeeFromExcel@776aec5c]" started-at="2023-03-01T20:30:14 TRT" name="addEmployeeTest" data-provider="readFromExcel" finished-at="2023-03-01T20:30:27 TRT" duration-ms="13257" status="FAIL">
          <params>
            <param index="0">
              <value>
                <![CDATA[William]]>
              </value>
            </param>
            <param index="1">
              <value>
                <![CDATA[Adams]]>
              </value>
            </param>
            <param index="2">
              <value>
                <![CDATA[willadams0654321]]>
              </value>
            </param>
            <param index="3">
              <value>
                <![CDATA[willAdam_@2023]]>
              </value>
            </param>
          </params>
          <exception class="java.lang.RuntimeException">
            <message>
              <![CDATA[Employee is not added. Username or ID already exits.]]>
            </message>
            <full-stacktrace>
              <![CDATA[java.lang.RuntimeException: Employee is not added. Username or ID already exits.
at com.exelenter.testcases.AddEmployeeFromExcel.addEmployeeTest(AddEmployeeFromExcel.java:71)
at java.base/jdk.internal.reflect.DirectMethodHandleAccessor.invoke(DirectMethodHandleAccessor.java:104)
at java.base/java.lang.reflect.Method.invoke(Method.java:577)
at org.testng.internal.invokers.MethodInvocationHelper.invokeMethod(MethodInvocationHelper.java:139)
at org.testng.internal.invokers.TestInvoker.invokeMethod(TestInvoker.java:677)
at org.testng.internal.invokers.TestInvoker.invokeTestMethod(TestInvoker.java:221)
at org.testng.internal.invokers.MethodRunner.runInSequence(MethodRunner.java:50)
at org.testng.internal.invokers.TestInvoker$MethodInvocationAgent.invoke(TestInvoker.java:969)
at org.testng.internal.invokers.TestInvoker.invokeTestMethods(TestInvoker.java:194)
at org.testng.internal.invokers.TestMethodWorker.invokeTestMethods(TestMethodWorker.java:148)
at org.testng.internal.invokers.TestMethodWorker.run(TestMethodWorker.java:128)
at java.base/java.util.ArrayList.forEach(ArrayList.java:1511)
at org.testng.TestRunner.privateRun(TestRunner.java:829)
at org.testng.TestRunner.run(TestRunner.java:602)
at org.testng.SuiteRunner.runTest(SuiteRunner.java:437)
at org.testng.SuiteRunner.runSequentially(SuiteRunner.java:431)
at org.testng.SuiteRunner.privateRun(SuiteRunner.java:391)
at org.testng.SuiteRunner.run(SuiteRunner.java:330)
at org.testng.SuiteRunnerWorker.runSuite(SuiteRunnerWorker.java:52)
at org.testng.SuiteRunnerWorker.run(SuiteRunnerWorker.java:95)
at org.testng.TestNG.runSuitesSequentially(TestNG.java:1256)
at org.testng.TestNG.runSuitesLocally(TestNG.java:1176)
at org.testng.TestNG.runSuites(TestNG.java:1099)
at org.testng.TestNG.run(TestNG.java:1067)
at org.apache.maven.surefire.testng.TestNGExecutor.run(TestNGExecutor.java:324)
at org.apache.maven.surefire.testng.TestNGXmlTestSuite.execute(TestNGXmlTestSuite.java:74)
at org.apache.maven.surefire.testng.TestNGProvider.invoke(TestNGProvider.java:123)
at org.apache.maven.surefire.booter.ForkedBooter.runSuitesInProcess(ForkedBooter.java:456)
at org.apache.maven.surefire.booter.ForkedBooter.execute(ForkedBooter.java:169)
at org.apache.maven.surefire.booter.ForkedBooter.run(ForkedBooter.java:595)
at org.apache.maven.surefire.booter.ForkedBooter.main(ForkedBooter.java:581)
]]>
            </full-stacktrace>
          </exception> <!-- java.lang.RuntimeException -->
          <reporter-output>
          </reporter-output>
        </test-method> <!-- addEmployeeTest -->
        <test-method is-config="true" signature="tearDown()[pri:0, instance:com.exelenter.testcases.AddEmployeeFromExcel@776aec5c]" started-at="2023-03-01T20:30:27 TRT" name="tearDown" finished-at="2023-03-01T20:30:29 TRT" duration-ms="2136" status="PASS">
          <reporter-output>
          </reporter-output>
        </test-method> <!-- tearDown -->
        <test-method is-config="true" signature="setUp()[pri:0, instance:com.exelenter.testcases.AddEmployeeFromExcel@776aec5c]" started-at="2023-03-01T20:30:29 TRT" name="setUp" finished-at="2023-03-01T20:30:32 TRT" duration-ms="2588" status="PASS">
          <reporter-output>
          </reporter-output>
        </test-method> <!-- setUp -->
        <test-method signature="addEmployeeTest(java.lang.String,java.lang.String,java.lang.String,java.lang.String)[pri:0, instance:com.exelenter.testcases.AddEmployeeFromExcel@776aec5c]" started-at="2023-03-01T20:30:32 TRT" name="addEmployeeTest" data-provider="readFromExcel" finished-at="2023-03-01T20:30:45 TRT" duration-ms="13641" status="FAIL">
          <params>
            <param index="0">
              <value>
                <![CDATA[Elizabeth]]>
              </value>
            </param>
            <param index="1">
              <value>
                <![CDATA[Lee]]>
              </value>
            </param>
            <param index="2">
              <value>
                <![CDATA[elizabethlee0654321]]>
              </value>
            </param>
            <param index="3">
              <value>
                <![CDATA[eliLee_@2023]]>
              </value>
            </param>
          </params>
          <exception class="java.lang.RuntimeException">
            <message>
              <![CDATA[Employee is not added. Username or ID already exits.]]>
            </message>
            <full-stacktrace>
              <![CDATA[java.lang.RuntimeException: Employee is not added. Username or ID already exits.
at com.exelenter.testcases.AddEmployeeFromExcel.addEmployeeTest(AddEmployeeFromExcel.java:71)
at java.base/jdk.internal.reflect.DirectMethodHandleAccessor.invoke(DirectMethodHandleAccessor.java:104)
at java.base/java.lang.reflect.Method.invoke(Method.java:577)
at org.testng.internal.invokers.MethodInvocationHelper.invokeMethod(MethodInvocationHelper.java:139)
at org.testng.internal.invokers.TestInvoker.invokeMethod(TestInvoker.java:677)
at org.testng.internal.invokers.TestInvoker.invokeTestMethod(TestInvoker.java:221)
at org.testng.internal.invokers.MethodRunner.runInSequence(MethodRunner.java:50)
at org.testng.internal.invokers.TestInvoker$MethodInvocationAgent.invoke(TestInvoker.java:969)
at org.testng.internal.invokers.TestInvoker.invokeTestMethods(TestInvoker.java:194)
at org.testng.internal.invokers.TestMethodWorker.invokeTestMethods(TestMethodWorker.java:148)
at org.testng.internal.invokers.TestMethodWorker.run(TestMethodWorker.java:128)
at java.base/java.util.ArrayList.forEach(ArrayList.java:1511)
at org.testng.TestRunner.privateRun(TestRunner.java:829)
at org.testng.TestRunner.run(TestRunner.java:602)
at org.testng.SuiteRunner.runTest(SuiteRunner.java:437)
at org.testng.SuiteRunner.runSequentially(SuiteRunner.java:431)
at org.testng.SuiteRunner.privateRun(SuiteRunner.java:391)
at org.testng.SuiteRunner.run(SuiteRunner.java:330)
at org.testng.SuiteRunnerWorker.runSuite(SuiteRunnerWorker.java:52)
at org.testng.SuiteRunnerWorker.run(SuiteRunnerWorker.java:95)
at org.testng.TestNG.runSuitesSequentially(TestNG.java:1256)
at org.testng.TestNG.runSuitesLocally(TestNG.java:1176)
at org.testng.TestNG.runSuites(TestNG.java:1099)
at org.testng.TestNG.run(TestNG.java:1067)
at org.apache.maven.surefire.testng.TestNGExecutor.run(TestNGExecutor.java:324)
at org.apache.maven.surefire.testng.TestNGXmlTestSuite.execute(TestNGXmlTestSuite.java:74)
at org.apache.maven.surefire.testng.TestNGProvider.invoke(TestNGProvider.java:123)
at org.apache.maven.surefire.booter.ForkedBooter.runSuitesInProcess(ForkedBooter.java:456)
at org.apache.maven.surefire.booter.ForkedBooter.execute(ForkedBooter.java:169)
at org.apache.maven.surefire.booter.ForkedBooter.run(ForkedBooter.java:595)
at org.apache.maven.surefire.booter.ForkedBooter.main(ForkedBooter.java:581)
]]>
            </full-stacktrace>
          </exception> <!-- java.lang.RuntimeException -->
          <reporter-output>
          </reporter-output>
        </test-method> <!-- addEmployeeTest -->
        <test-method is-config="true" signature="tearDown()[pri:0, instance:com.exelenter.testcases.AddEmployeeFromExcel@776aec5c]" started-at="2023-03-01T20:30:46 TRT" name="tearDown" finished-at="2023-03-01T20:30:48 TRT" duration-ms="2141" status="PASS">
          <reporter-output>
          </reporter-output>
        </test-method> <!-- tearDown -->
        <test-method is-config="true" signature="setUp()[pri:0, instance:com.exelenter.testcases.AddEmployeeFromExcel@776aec5c]" started-at="2023-03-01T20:30:48 TRT" name="setUp" finished-at="2023-03-01T20:30:51 TRT" duration-ms="3518" status="PASS">
          <reporter-output>
          </reporter-output>
        </test-method> <!-- setUp -->
        <test-method signature="addEmployeeTest(java.lang.String,java.lang.String,java.lang.String,java.lang.String)[pri:0, instance:com.exelenter.testcases.AddEmployeeFromExcel@776aec5c]" started-at="2023-03-01T20:30:51 TRT" name="addEmployeeTest" data-provider="readFromExcel" finished-at="2023-03-01T20:31:06 TRT" duration-ms="15182" status="FAIL">
          <params>
            <param index="0">
              <value>
                <![CDATA[Tyler]]>
              </value>
            </param>
            <param index="1">
              <value>
                <![CDATA[Nguyen]]>
              </value>
            </param>
            <param index="2">
              <value>
                <![CDATA[tylernguyen0654321]]>
              </value>
            </param>
            <param index="3">
              <value>
                <![CDATA[tylerNguyen_@2023]]>
              </value>
            </param>
          </params>
          <exception class="java.lang.RuntimeException">
            <message>
              <![CDATA[Employee is not added. Username or ID already exits.]]>
            </message>
            <full-stacktrace>
              <![CDATA[java.lang.RuntimeException: Employee is not added. Username or ID already exits.
at com.exelenter.testcases.AddEmployeeFromExcel.addEmployeeTest(AddEmployeeFromExcel.java:71)
at java.base/jdk.internal.reflect.DirectMethodHandleAccessor.invoke(DirectMethodHandleAccessor.java:104)
at java.base/java.lang.reflect.Method.invoke(Method.java:577)
at org.testng.internal.invokers.MethodInvocationHelper.invokeMethod(MethodInvocationHelper.java:139)
at org.testng.internal.invokers.TestInvoker.invokeMethod(TestInvoker.java:677)
at org.testng.internal.invokers.TestInvoker.invokeTestMethod(TestInvoker.java:221)
at org.testng.internal.invokers.MethodRunner.runInSequence(MethodRunner.java:50)
at org.testng.internal.invokers.TestInvoker$MethodInvocationAgent.invoke(TestInvoker.java:969)
at org.testng.internal.invokers.TestInvoker.invokeTestMethods(TestInvoker.java:194)
at org.testng.internal.invokers.TestMethodWorker.invokeTestMethods(TestMethodWorker.java:148)
at org.testng.internal.invokers.TestMethodWorker.run(TestMethodWorker.java:128)
at java.base/java.util.ArrayList.forEach(ArrayList.java:1511)
at org.testng.TestRunner.privateRun(TestRunner.java:829)
at org.testng.TestRunner.run(TestRunner.java:602)
at org.testng.SuiteRunner.runTest(SuiteRunner.java:437)
at org.testng.SuiteRunner.runSequentially(SuiteRunner.java:431)
at org.testng.SuiteRunner.privateRun(SuiteRunner.java:391)
at org.testng.SuiteRunner.run(SuiteRunner.java:330)
at org.testng.SuiteRunnerWorker.runSuite(SuiteRunnerWorker.java:52)
at org.testng.SuiteRunnerWorker.run(SuiteRunnerWorker.java:95)
at org.testng.TestNG.runSuitesSequentially(TestNG.java:1256)
at org.testng.TestNG.runSuitesLocally(TestNG.java:1176)
at org.testng.TestNG.runSuites(TestNG.java:1099)
at org.testng.TestNG.run(TestNG.java:1067)
at org.apache.maven.surefire.testng.TestNGExecutor.run(TestNGExecutor.java:324)
at org.apache.maven.surefire.testng.TestNGXmlTestSuite.execute(TestNGXmlTestSuite.java:74)
at org.apache.maven.surefire.testng.TestNGProvider.invoke(TestNGProvider.java:123)
at org.apache.maven.surefire.booter.ForkedBooter.runSuitesInProcess(ForkedBooter.java:456)
at org.apache.maven.surefire.booter.ForkedBooter.execute(ForkedBooter.java:169)
at org.apache.maven.surefire.booter.ForkedBooter.run(ForkedBooter.java:595)
at org.apache.maven.surefire.booter.ForkedBooter.main(ForkedBooter.java:581)
]]>
            </full-stacktrace>
          </exception> <!-- java.lang.RuntimeException -->
          <reporter-output>
          </reporter-output>
        </test-method> <!-- addEmployeeTest -->
        <test-method is-config="true" signature="tearDown()[pri:0, instance:com.exelenter.testcases.AddEmployeeFromExcel@776aec5c]" started-at="2023-03-01T20:31:07 TRT" name="tearDown" finished-at="2023-03-01T20:31:09 TRT" duration-ms="2135" status="PASS">
          <reporter-output>
          </reporter-output>
        </test-method> <!-- tearDown -->
        <test-method is-config="true" signature="setUp()[pri:0, instance:com.exelenter.testcases.AddEmployeeFromExcel@776aec5c]" started-at="2023-03-01T20:31:09 TRT" name="setUp" finished-at="2023-03-01T20:31:13 TRT" duration-ms="3895" status="PASS">
          <reporter-output>
          </reporter-output>
        </test-method> <!-- setUp -->
        <test-method signature="addEmployeeTest(java.lang.String,java.lang.String,java.lang.String,java.lang.String)[pri:0, instance:com.exelenter.testcases.AddEmployeeFromExcel@776aec5c]" started-at="2023-03-01T20:31:13 TRT" name="addEmployeeTest" data-provider="readFromExcel" finished-at="2023-03-01T20:31:27 TRT" duration-ms="13922" status="FAIL">
          <params>
            <param index="0">
              <value>
                <![CDATA[John]]>
              </value>
            </param>
            <param index="1">
              <value>
                <![CDATA[Smith]]>
              </value>
            </param>
            <param index="2">
              <value>
                <![CDATA[johnSmith0654321]]>
              </value>
            </param>
            <param index="3">
              <value>
                <![CDATA[johnSmith_@2023!!!]]>
              </value>
            </param>
          </params>
          <exception class="java.lang.RuntimeException">
            <message>
              <![CDATA[Employee is not added. Username or ID already exits.]]>
            </message>
            <full-stacktrace>
              <![CDATA[java.lang.RuntimeException: Employee is not added. Username or ID already exits.
at com.exelenter.testcases.AddEmployeeFromExcel.addEmployeeTest(AddEmployeeFromExcel.java:71)
at java.base/jdk.internal.reflect.DirectMethodHandleAccessor.invoke(DirectMethodHandleAccessor.java:104)
at java.base/java.lang.reflect.Method.invoke(Method.java:577)
at org.testng.internal.invokers.MethodInvocationHelper.invokeMethod(MethodInvocationHelper.java:139)
at org.testng.internal.invokers.TestInvoker.invokeMethod(TestInvoker.java:677)
at org.testng.internal.invokers.TestInvoker.invokeTestMethod(TestInvoker.java:221)
at org.testng.internal.invokers.MethodRunner.runInSequence(MethodRunner.java:50)
at org.testng.internal.invokers.TestInvoker$MethodInvocationAgent.invoke(TestInvoker.java:969)
at org.testng.internal.invokers.TestInvoker.invokeTestMethods(TestInvoker.java:194)
at org.testng.internal.invokers.TestMethodWorker.invokeTestMethods(TestMethodWorker.java:148)
at org.testng.internal.invokers.TestMethodWorker.run(TestMethodWorker.java:128)
at java.base/java.util.ArrayList.forEach(ArrayList.java:1511)
at org.testng.TestRunner.privateRun(TestRunner.java:829)
at org.testng.TestRunner.run(TestRunner.java:602)
at org.testng.SuiteRunner.runTest(SuiteRunner.java:437)
at org.testng.SuiteRunner.runSequentially(SuiteRunner.java:431)
at org.testng.SuiteRunner.privateRun(SuiteRunner.java:391)
at org.testng.SuiteRunner.run(SuiteRunner.java:330)
at org.testng.SuiteRunnerWorker.runSuite(SuiteRunnerWorker.java:52)
at org.testng.SuiteRunnerWorker.run(SuiteRunnerWorker.java:95)
at org.testng.TestNG.runSuitesSequentially(TestNG.java:1256)
at org.testng.TestNG.runSuitesLocally(TestNG.java:1176)
at org.testng.TestNG.runSuites(TestNG.java:1099)
at org.testng.TestNG.run(TestNG.java:1067)
at org.apache.maven.surefire.testng.TestNGExecutor.run(TestNGExecutor.java:324)
at org.apache.maven.surefire.testng.TestNGXmlTestSuite.execute(TestNGXmlTestSuite.java:74)
at org.apache.maven.surefire.testng.TestNGProvider.invoke(TestNGProvider.java:123)
at org.apache.maven.surefire.booter.ForkedBooter.runSuitesInProcess(ForkedBooter.java:456)
at org.apache.maven.surefire.booter.ForkedBooter.execute(ForkedBooter.java:169)
at org.apache.maven.surefire.booter.ForkedBooter.run(ForkedBooter.java:595)
at org.apache.maven.surefire.booter.ForkedBooter.main(ForkedBooter.java:581)
]]>
            </full-stacktrace>
          </exception> <!-- java.lang.RuntimeException -->
          <reporter-output>
          </reporter-output>
        </test-method> <!-- addEmployeeTest -->
        <test-method is-config="true" signature="tearDown()[pri:0, instance:com.exelenter.testcases.AddEmployeeFromExcel@776aec5c]" started-at="2023-03-01T20:31:27 TRT" name="tearDown" finished-at="2023-03-01T20:31:29 TRT" duration-ms="2144" status="PASS">
          <reporter-output>
          </reporter-output>
        </test-method> <!-- tearDown -->
      </class> <!-- com.exelenter.testcases.AddEmployeeFromExcel -->
    </test> <!-- Regression Test -->
  </suite> <!-- Regression Test Suite -->
</testng-results>
