<?xml version="1.0" encoding="UTF-8"?>
<testng-results ignored="5" total="6" passed="1" failed="0" skipped="0">
  <reporter-output>
  </reporter-output>
  <suite started-at="2023-03-01T19:48:03 TRT" name="Custom Test Suite" finished-at="2023-03-01T19:48:10 TRT" duration-ms="7469">
    <groups>
      <group name="smoke">
        <method signature="LoginTest.validAdminLogin()[pri:0, instance:com.exelenter.testcases.LoginTest@5be6e01c]" name="validAdminLogin" class="com.exelenter.testcases.LoginTest"/>
      </group> <!-- smoke -->
      <group name="singleTest">
        <method signature="LoginTest.validAdminLogin()[pri:0, instance:com.exelenter.testcases.LoginTest@5be6e01c]" name="validAdminLogin" class="com.exelenter.testcases.LoginTest"/>
      </group> <!-- singleTest -->
    </groups>
    <test started-at="2023-03-01T19:48:03 TRT" name="Custom Test" finished-at="2023-03-01T19:48:10 TRT" duration-ms="7469">
      <class name="com.exelenter.testcases.LoginTest">
        <test-method is-config="true" signature="setUp()[pri:0, instance:com.exelenter.testcases.LoginTest@5be6e01c]" started-at="2023-03-01T19:48:03 TRT" name="setUp" finished-at="2023-03-01T19:48:06 TRT" duration-ms="3371" status="PASS">
          <reporter-output>
          </reporter-output>
        </test-method> <!-- setUp -->
        <test-method signature="validAdminLogin()[pri:0, instance:com.exelenter.testcases.LoginTest@5be6e01c]" started-at="2023-03-01T19:48:06 TRT" name="validAdminLogin" finished-at="2023-03-01T19:48:08 TRT" duration-ms="1745" status="PASS">
          <reporter-output>
          </reporter-output>
        </test-method> <!-- validAdminLogin -->
        <test-method is-config="true" signature="tearDown()[pri:0, instance:com.exelenter.testcases.LoginTest@5be6e01c]" started-at="2023-03-01T19:48:08 TRT" name="tearDown" finished-at="2023-03-01T19:48:10 TRT" duration-ms="2125" status="PASS">
          <reporter-output>
          </reporter-output>
        </test-method> <!-- tearDown -->
      </class> <!-- com.exelenter.testcases.LoginTest -->
    </test> <!-- Custom Test -->
  </suite> <!-- Custom Test Suite -->
</testng-results>
